<?xml version="1.0" encoding="UTF-8"?>
<!-- Generated by org.testng.reporters.JUnitReportReporter -->
<testsuite hostname="AV-PN-CHETANPHA" name="testcases.AvaformSubmission" tests="1" failures="0" timestamp="2 Nov 2018 11:21:28 GMT" time="20.926" errors="0">
  <testcase name="avaforSubmission" time="20.926" classname="testcases.AvaformSubmission"/>
</testsuite> <!-- testcases.AvaformSubmission -->
